nohup: ignoring input
Reading lines...
Transfer numbers...
Indexing words...
keep_words 3928 / 10543 = 0.3726
Indexed 3931 words in input language, 23 words in output
Number of training data 21021
Number of testind data 998
Some weights of BertModel were not initialized from the model checkpoint at /home/yjzhang/Paper/Model/full-bert-60 and are newly initialized: ['bert.pooler.dense.weight', 'bert.pooler.dense.bias']
You should probably TRAIN this model on a down-stream task to be able to use it for predictions and inference.
epoch: 1
teacher_loss: 0.3545345664024353
loss: 0.8573775881138748
training time 0h 6m 50s
--------------------------------
546 626 998
test_answer_acc 0.5470941883767535 0.627254509018036
testing time 0h 1m 39s
------------------------------------------------------
epoch: 2
teacher_loss: 0.5168858170509338
loss: 0.43187713949647666
training time 0h 6m 53s
--------------------------------
655 756 998
test_answer_acc 0.656312625250501 0.7575150300601202
testing time 0h 1m 39s
------------------------------------------------------
epoch: 3
teacher_loss: 0.2833555340766907
loss: 0.3182576760717723
training time 0h 6m 56s
--------------------------------
675 775 998
test_answer_acc 0.6763527054108216 0.7765531062124249
testing time 0h 1m 37s
------------------------------------------------------
epoch: 4
teacher_loss: 0.30204397439956665
loss: 0.25916770600134015
training time 0h 6m 57s
--------------------------------
675 778 998
test_answer_acc 0.6763527054108216 0.779559118236473
testing time 0h 1m 30s
------------------------------------------------------
epoch: 5
teacher_loss: 0.32703614234924316
loss: 0.22154175251994504
training time 0h 6m 56s
--------------------------------
675 782 998
test_answer_acc 0.6763527054108216 0.7835671342685371
testing time 0h 1m 34s
------------------------------------------------------
epoch: 6
teacher_loss: 0.3224581480026245
loss: 0.1915636296459166
training time 0h 7m 3s
--------------------------------
682 787 998
test_answer_acc 0.6833667334669339 0.7885771543086172
testing time 0h 1m 51s
------------------------------------------------------
epoch: 7
teacher_loss: 0.339021772146225
loss: 0.16847520968004992
training time 0h 7m 19s
--------------------------------
685 796 998
test_answer_acc 0.6863727454909819 0.7975951903807615
testing time 0h 1m 38s
------------------------------------------------------
epoch: 8
teacher_loss: 0.2170792818069458
loss: 0.15120929177379863
training time 0h 6m 49s
--------------------------------
683 799 998
test_answer_acc 0.6843687374749499 0.8006012024048096
testing time 0h 1m 42s
------------------------------------------------------
epoch: 9
teacher_loss: 0.36110079288482666
loss: 0.13782332339175216
training time 0h 6m 57s
--------------------------------
676 791 998
test_answer_acc 0.6773547094188377 0.7925851703406813
testing time 0h 1m 34s
------------------------------------------------------
epoch: 10
teacher_loss: 0.2301611602306366
loss: 0.12455721073068077
training time 0h 6m 59s
--------------------------------
696 803 998
test_answer_acc 0.6973947895791583 0.8046092184368737
testing time 0h 1m 40s
------------------------------------------------------
epoch: 11
teacher_loss: 0.2649692893028259
loss: 0.11567510093195163
training time 0h 6m 56s
--------------------------------
690 799 998
test_answer_acc 0.6913827655310621 0.8006012024048096
testing time 0h 1m 35s
------------------------------------------------------
epoch: 12
teacher_loss: 0.14935319125652313
loss: 0.10818817499951322
training time 0h 7m 3s
--------------------------------
691 812 998
test_answer_acc 0.6923847695390781 0.8136272545090181
testing time 0h 1m 36s
------------------------------------------------------
epoch: 13
teacher_loss: 0.4284248948097229
loss: 0.10223879956298676
training time 0h 7m 0s
--------------------------------
681 798 998
test_answer_acc 0.6823647294589178 0.7995991983967936
testing time 0h 1m 40s
------------------------------------------------------
epoch: 14
teacher_loss: 0.325896680355072
loss: 0.09392624023927537
training time 0h 6m 59s
--------------------------------
679 803 998
test_answer_acc 0.6803607214428857 0.8046092184368737
testing time 0h 1m 35s
------------------------------------------------------
epoch: 15
teacher_loss: 0.28328388929367065
loss: 0.09469996469132205
training time 0h 6m 59s
--------------------------------
704 821 998
test_answer_acc 0.7054108216432866 0.8226452905811623
testing time 0h 1m 39s
------------------------------------------------------
epoch: 16
teacher_loss: 0.29829102754592896
loss: 0.08417641811634172
training time 0h 7m 1s
--------------------------------
678 798 998
test_answer_acc 0.6793587174348698 0.7995991983967936
testing time 0h 1m 41s
------------------------------------------------------
epoch: 17
teacher_loss: 0.36692237854003906
loss: 0.07610230740653054
training time 0h 7m 16s
--------------------------------
690 810 998
test_answer_acc 0.6913827655310621 0.811623246492986
testing time 0h 1m 55s
------------------------------------------------------
epoch: 18
teacher_loss: 0.38834893703460693
loss: 0.07250985076872113
training time 0h 7m 31s
--------------------------------
691 806 998
test_answer_acc 0.6923847695390781 0.8076152304609219
testing time 0h 1m 50s
------------------------------------------------------
epoch: 19
teacher_loss: 0.22145387530326843
loss: 0.0731431588068423
training time 0h 7m 31s
--------------------------------
673 790 998
test_answer_acc 0.6743486973947895 0.7915831663326653
testing time 0h 1m 50s
------------------------------------------------------
epoch: 20
teacher_loss: 0.25836989283561707
loss: 0.07363811650000161
training time 0h 7m 24s
--------------------------------
675 789 998
test_answer_acc 0.6763527054108216 0.7905811623246493
testing time 0h 1m 38s
------------------------------------------------------
epoch: 21
teacher_loss: 0.355570912361145
loss: 0.06405758010606243
training time 0h 7m 0s
--------------------------------
681 812 998
test_answer_acc 0.6823647294589178 0.8136272545090181
testing time 0h 1m 33s
------------------------------------------------------
epoch: 22
teacher_loss: 0.14956122636795044
loss: 0.06993860016467796
training time 0h 6m 59s
--------------------------------
684 811 998
test_answer_acc 0.685370741482966 0.812625250501002
testing time 0h 1m 39s
------------------------------------------------------
epoch: 23
teacher_loss: 0.1604911983013153
loss: 0.06355438815979811
training time 0h 6m 58s
--------------------------------
682 803 998
test_answer_acc 0.6833667334669339 0.8046092184368737
testing time 0h 1m 34s
------------------------------------------------------
epoch: 24
teacher_loss: 0.32756486535072327
loss: 0.05779370700279917
training time 0h 6m 59s
--------------------------------
696 811 998
test_answer_acc 0.6973947895791583 0.812625250501002
testing time 0h 1m 37s
------------------------------------------------------
epoch: 25
teacher_loss: 0.17759466171264648
loss: 0.0567256688243813
training time 0h 6m 58s
--------------------------------
692 811 998
test_answer_acc 0.6933867735470942 0.812625250501002
testing time 0h 1m 34s
------------------------------------------------------
epoch: 26
teacher_loss: 0.16365253925323486
loss: 0.055258406684103124
training time 0h 6m 58s
--------------------------------
681 805 998
test_answer_acc 0.6823647294589178 0.8066132264529058
testing time 0h 1m 36s
------------------------------------------------------
epoch: 27
teacher_loss: 0.21293464303016663
loss: 0.05697019064311318
training time 0h 7m 1s
--------------------------------
703 821 998
test_answer_acc 0.7044088176352705 0.8226452905811623
testing time 0h 1m 37s
------------------------------------------------------
epoch: 28
teacher_loss: 0.13532964885234833
loss: 0.053283239618408716
training time 0h 7m 0s
--------------------------------
692 812 998
test_answer_acc 0.6933867735470942 0.8136272545090181
testing time 0h 1m 31s
------------------------------------------------------
epoch: 29
teacher_loss: 0.07775390893220901
loss: 0.050975734201760305
training time 0h 6m 58s
--------------------------------
697 813 998
test_answer_acc 0.6983967935871743 0.814629258517034
testing time 0h 1m 38s
------------------------------------------------------
epoch: 30
teacher_loss: 0.10815629363059998
loss: 0.04870353930642548
training time 0h 7m 17s
--------------------------------
693 813 998
test_answer_acc 0.6943887775551102 0.814629258517034
testing time 0h 1m 40s
------------------------------------------------------
epoch: 31
teacher_loss: 0.2558545470237732
loss: 0.03387236072737837
training time 0h 7m 37s
--------------------------------
702 823 998
test_answer_acc 0.7034068136272545 0.8246492985971944
testing time 0h 1m 34s
------------------------------------------------------
epoch: 32
teacher_loss: 0.2872902750968933
loss: 0.029008976256126136
training time 0h 7m 37s
--------------------------------
715 837 998
test_answer_acc 0.7164328657314629 0.8386773547094188
testing time 0h 1m 40s
------------------------------------------------------
epoch: 33
teacher_loss: 0.17238400876522064
loss: 0.030206282455842698
training time 0h 7m 33s
--------------------------------
709 830 998
test_answer_acc 0.7104208416833667 0.8316633266533067
testing time 0h 1m 38s
------------------------------------------------------
epoch: 34
teacher_loss: 0.15401294827461243
loss: 0.030316935688444333
training time 0h 7m 34s
--------------------------------
711 830 998
test_answer_acc 0.7124248496993988 0.8316633266533067
testing time 0h 1m 38s
------------------------------------------------------
epoch: 35
teacher_loss: 0.249301940202713
loss: 0.030574802007339044
training time 0h 7m 34s
--------------------------------
719 833 998
test_answer_acc 0.720440881763527 0.8346693386773547
testing time 0h 1m 37s
------------------------------------------------------
epoch: 36
teacher_loss: 0.1927667111158371
loss: 0.03271068699226985
training time 0h 7m 28s
--------------------------------
701 820 998
test_answer_acc 0.7024048096192385 0.8216432865731463
testing time 0h 1m 36s
------------------------------------------------------
epoch: 37
teacher_loss: 0.24021369218826294
loss: 0.030408534764268264
training time 0h 6m 56s
--------------------------------
706 828 998
test_answer_acc 0.7074148296593187 0.8296593186372746
testing time 0h 1m 36s
------------------------------------------------------
epoch: 38
teacher_loss: 0.23850227892398834
loss: 0.028879832994487688
training time 0h 6m 59s
--------------------------------
704 830 998
test_answer_acc 0.7054108216432866 0.8316633266533067
testing time 0h 1m 36s
------------------------------------------------------
epoch: 39
teacher_loss: 0.289811909198761
loss: 0.030773766329611228
training time 0h 6m 59s
--------------------------------
700 825 998
test_answer_acc 0.7014028056112225 0.8266533066132264
testing time 0h 1m 37s
------------------------------------------------------
epoch: 40
teacher_loss: 0.2228533774614334
loss: 0.030027339112331106
training time 0h 6m 58s
--------------------------------
697 821 998
test_answer_acc 0.6983967935871743 0.8226452905811623
testing time 0h 1m 36s
------------------------------------------------------
epoch: 41
teacher_loss: 0.18088573217391968
loss: 0.02938989319418992
training time 0h 6m 59s
--------------------------------
706 823 998
test_answer_acc 0.7074148296593187 0.8246492985971944
testing time 0h 1m 40s
------------------------------------------------------
epoch: 42
teacher_loss: 0.11176378279924393
loss: 0.02878106954681887
training time 0h 6m 57s
--------------------------------
692 821 998
test_answer_acc 0.6933867735470942 0.8226452905811623
testing time 0h 1m 37s
------------------------------------------------------
epoch: 43
teacher_loss: 0.2879851460456848
loss: 0.028231072786038734
training time 0h 6m 58s
--------------------------------
704 828 998
test_answer_acc 0.7054108216432866 0.8296593186372746
testing time 0h 1m 38s
------------------------------------------------------
epoch: 44
teacher_loss: 0.36181211471557617
loss: 0.027849130808762765
training time 0h 6m 57s
--------------------------------
698 822 998
test_answer_acc 0.6993987975951904 0.8236472945891784
testing time 0h 1m 37s
------------------------------------------------------
epoch: 45
teacher_loss: 0.19458234310150146
loss: 0.028086364728538957
training time 0h 7m 0s
--------------------------------
706 838 998
test_answer_acc 0.7074148296593187 0.8396793587174348
testing time 0h 1m 41s
------------------------------------------------------
epoch: 46
teacher_loss: 0.2673311233520508
loss: 0.02929073625245618
training time 0h 6m 58s
--------------------------------
695 821 998
test_answer_acc 0.6963927855711423 0.8226452905811623
testing time 0h 1m 39s
------------------------------------------------------
epoch: 47
teacher_loss: 0.12766966223716736
loss: 0.02900781517825692
training time 0h 7m 1s
--------------------------------
704 834 998
test_answer_acc 0.7054108216432866 0.8356713426853707
testing time 0h 1m 42s
------------------------------------------------------
epoch: 48
teacher_loss: 0.15735945105552673
loss: 0.02705961466827848
training time 0h 6m 59s
--------------------------------
702 831 998
test_answer_acc 0.7034068136272545 0.8326653306613226
testing time 0h 1m 39s
------------------------------------------------------
epoch: 49
teacher_loss: 0.19395332038402557
loss: 0.02665764945339485
training time 0h 6m 59s
--------------------------------
709 834 998
test_answer_acc 0.7104208416833667 0.8356713426853707
testing time 0h 1m 40s
------------------------------------------------------
epoch: 50
teacher_loss: 0.07482343912124634
loss: 0.027430653882877763
training time 0h 6m 59s
--------------------------------
710 828 998
test_answer_acc 0.7114228456913828 0.8296593186372746
testing time 0h 1m 41s
------------------------------------------------------
epoch: 51
teacher_loss: 0.24521809816360474
loss: 0.027113015543743173
training time 0h 6m 59s
--------------------------------
709 837 998
test_answer_acc 0.7104208416833667 0.8386773547094188
testing time 0h 1m 40s
------------------------------------------------------
epoch: 52
teacher_loss: 0.1435146927833557
loss: 0.025209000083239383
training time 0h 7m 0s
--------------------------------
717 829 998
test_answer_acc 0.718436873747495 0.8306613226452906
testing time 0h 1m 40s
------------------------------------------------------
epoch: 53
teacher_loss: 0.33088865876197815
loss: 0.025465462029000102
training time 0h 6m 59s
--------------------------------
703 828 998
test_answer_acc 0.7044088176352705 0.8296593186372746
testing time 0h 1m 35s
------------------------------------------------------
epoch: 54
teacher_loss: 0.15061864256858826
loss: 0.027362187838825415
training time 0h 7m 1s
--------------------------------
704 833 998
test_answer_acc 0.7054108216432866 0.8346693386773547
testing time 0h 1m 36s
------------------------------------------------------
epoch: 55
teacher_loss: 0.06658711284399033
loss: 0.024874380462600237
training time 0h 7m 0s
--------------------------------
702 822 998
test_answer_acc 0.7034068136272545 0.8236472945891784
testing time 0h 1m 35s
------------------------------------------------------
epoch: 56
teacher_loss: 0.18975132703781128
loss: 0.02593460825202445
training time 0h 6m 59s
--------------------------------
690 827 998
test_answer_acc 0.6913827655310621 0.8286573146292585
testing time 0h 1m 43s
------------------------------------------------------
epoch: 57
teacher_loss: 0.21259771287441254
loss: 0.025865251767198175
training time 0h 6m 59s
--------------------------------
699 832 998
test_answer_acc 0.7004008016032064 0.8336673346693386
testing time 0h 1m 37s
------------------------------------------------------
epoch: 58
teacher_loss: 0.0950699895620346
loss: 0.023484329644823092
training time 0h 6m 58s
--------------------------------
700 823 998
test_answer_acc 0.7014028056112225 0.8246492985971944
testing time 0h 1m 40s
------------------------------------------------------
epoch: 59
teacher_loss: 0.16940194368362427
loss: 0.023569075028515525
training time 0h 6m 59s
--------------------------------
708 835 998
test_answer_acc 0.7094188376753507 0.8366733466933868
testing time 0h 1m 38s
------------------------------------------------------
epoch: 60
teacher_loss: 0.22762331366539001
loss: 0.0259737831475199
training time 0h 6m 58s
--------------------------------
712 838 998
test_answer_acc 0.7134268537074149 0.8396793587174348
testing time 0h 1m 38s
------------------------------------------------------
epoch: 61
teacher_loss: 0.08594731986522675
loss: 0.019869297699608712
training time 0h 6m 58s
--------------------------------
714 832 998
test_answer_acc 0.7154308617234469 0.8336673346693386
testing time 0h 1m 37s
------------------------------------------------------
epoch: 62
teacher_loss: 0.13102123141288757
loss: 0.016608610024528302
training time 0h 7m 14s
--------------------------------
714 836 998
test_answer_acc 0.7154308617234469 0.8376753507014028
testing time 0h 1m 36s
------------------------------------------------------
epoch: 63
teacher_loss: 0.21377941966056824
loss: 0.015245852130784155
training time 0h 6m 58s
--------------------------------
713 840 998
test_answer_acc 0.7144288577154309 0.8416833667334669
testing time 0h 1m 34s
------------------------------------------------------
epoch: 64
teacher_loss: 0.10315938293933868
loss: 0.014952391527785922
training time 0h 6m 58s
--------------------------------
704 841 998
test_answer_acc 0.7054108216432866 0.842685370741483
testing time 0h 1m 37s
------------------------------------------------------
epoch: 65
teacher_loss: 0.2369297742843628
loss: 0.015128296882529351
training time 0h 7m 2s
--------------------------------
711 837 998
test_answer_acc 0.7124248496993988 0.8386773547094188
testing time 0h 1m 38s
------------------------------------------------------
epoch: 66
teacher_loss: 0.06807848811149597
loss: 0.01572084890875563
training time 0h 7m 1s
--------------------------------
713 839 998
test_answer_acc 0.7144288577154309 0.8406813627254509
testing time 0h 1m 36s
------------------------------------------------------
epoch: 67
teacher_loss: 0.13600897789001465
loss: 0.015499915318107134
training time 0h 6m 59s
--------------------------------
708 838 998
test_answer_acc 0.7094188376753507 0.8396793587174348
testing time 0h 1m 36s
------------------------------------------------------
epoch: 68
teacher_loss: 0.2829354703426361
loss: 0.015184331535045597
training time 0h 7m 0s
--------------------------------
715 840 998
test_answer_acc 0.7164328657314629 0.8416833667334669
testing time 0h 1m 36s
------------------------------------------------------
epoch: 69
teacher_loss: 0.09471398591995239
loss: 0.01588410529686504
training time 0h 7m 1s
--------------------------------
707 836 998
test_answer_acc 0.7084168336673347 0.8376753507014028
testing time 0h 1m 36s
------------------------------------------------------
epoch: 70
teacher_loss: 0.18832403421401978
loss: 0.014942313048136641
training time 0h 6m 58s
--------------------------------
705 828 998
test_answer_acc 0.7064128256513026 0.8296593186372746
testing time 0h 1m 41s
------------------------------------------------------
epoch: 71
teacher_loss: 0.06137172132730484
loss: 0.015126792118279334
training time 0h 6m 57s
--------------------------------
716 837 998
test_answer_acc 0.717434869739479 0.8386773547094188
testing time 0h 1m 34s
------------------------------------------------------
epoch: 72
teacher_loss: 0.18968328833580017
loss: 0.015263543796656112
training time 0h 6m 58s
--------------------------------
709 838 998
test_answer_acc 0.7104208416833667 0.8396793587174348
testing time 0h 1m 38s
------------------------------------------------------
epoch: 73
teacher_loss: 0.10854917019605637
loss: 0.014487443589272269
training time 0h 6m 59s
--------------------------------
714 838 998
test_answer_acc 0.7154308617234469 0.8396793587174348
testing time 0h 1m 37s
------------------------------------------------------
epoch: 74
teacher_loss: 0.17419476807117462
loss: 0.015047987786942421
training time 0h 7m 11s
--------------------------------
708 832 998
test_answer_acc 0.7094188376753507 0.8336673346693386
testing time 0h 1m 37s
------------------------------------------------------
epoch: 75
teacher_loss: 0.061823055148124695
loss: 0.014041940180890977
training time 0h 6m 58s
--------------------------------
722 843 998
test_answer_acc 0.7234468937875751 0.844689378757515
testing time 0h 1m 38s
------------------------------------------------------
epoch: 76
teacher_loss: 0.09147681295871735
loss: 0.015314016670670469
training time 0h 6m 59s
--------------------------------
709 835 998
test_answer_acc 0.7104208416833667 0.8366733466933868
testing time 0h 1m 34s
------------------------------------------------------
epoch: 77
teacher_loss: 0.08776619285345078
loss: 0.013592560326572809
training time 0h 6m 58s
--------------------------------
717 840 998
test_answer_acc 0.718436873747495 0.8416833667334669
testing time 0h 1m 39s
------------------------------------------------------
epoch: 78
teacher_loss: 0.25231021642684937
loss: 0.013867909088730812
training time 0h 6m 58s
--------------------------------
715 831 998
test_answer_acc 0.7164328657314629 0.8326653306613226
testing time 0h 1m 34s
------------------------------------------------------
epoch: 79
teacher_loss: 0.1189151331782341
loss: 0.014028407623381828
training time 0h 6m 58s
--------------------------------
713 834 998
test_answer_acc 0.7144288577154309 0.8356713426853707
testing time 0h 1m 32s
------------------------------------------------------
epoch: 80
teacher_loss: 0.11369380354881287
loss: 0.014742315780155961
training time 0h 6m 58s
--------------------------------
717 839 998
test_answer_acc 0.718436873747495 0.8406813627254509
testing time 0h 1m 35s
------------------------------------------------------
epoch: 81
teacher_loss: 0.17457416653633118
loss: 0.014050191692877533
training time 0h 6m 57s
--------------------------------
717 840 998
test_answer_acc 0.718436873747495 0.8416833667334669
testing time 0h 1m 37s
------------------------------------------------------
epoch: 82
teacher_loss: 0.13165584206581116
loss: 0.013764091632172999
training time 0h 7m 1s
--------------------------------
723 844 998
test_answer_acc 0.7244488977955912 0.845691382765531
testing time 0h 1m 36s
------------------------------------------------------
epoch: 83
teacher_loss: 0.05204397439956665
loss: 0.014331131660566584
training time 0h 7m 4s
--------------------------------
714 842 998
test_answer_acc 0.7154308617234469 0.843687374749499
testing time 0h 1m 37s
------------------------------------------------------
epoch: 84
teacher_loss: 0.19858884811401367
loss: 0.014036042419796642
training time 0h 7m 5s
--------------------------------
708 833 998
test_answer_acc 0.7094188376753507 0.8346693386773547
testing time 0h 1m 37s
------------------------------------------------------
epoch: 85
teacher_loss: 0.2496161162853241
loss: 0.013922736309171064
training time 0h 7m 0s
--------------------------------
703 833 998
test_answer_acc 0.7044088176352705 0.8346693386773547
testing time 0h 1m 40s
------------------------------------------------------
(703, 833, 998)
0.7044088176352705 0.8346693386773547
best 844 723
finished
