nohup: ignoring input
Reading lines...
Reading lines...
Transfer numbers...
Indexing words...
keep_words 9063 / 27445 = 0.3302
Indexed 9066 words in input language, 41 words in output
Number of training data 79338
Number of testind data 1836
epoch: 1
teacher_loss: 0.20652392506599426
loss: 0.8466935990558516
training time 0h 29m 52s
--------------------------------
1012 1202 1836
test_answer_acc 0.55119825708061 0.6546840958605664
testing time 0h 3m 1s
------------------------------------------------------
epoch: 2
teacher_loss: 0.11664563417434692
loss: 0.5079947393868238
training time 0h 28m 14s
--------------------------------
1078 1281 1836
test_answer_acc 0.5871459694989106 0.6977124183006536
testing time 0h 2m 54s
------------------------------------------------------
epoch: 3
teacher_loss: 0.21752862632274628
loss: 0.4162146468076014
training time 0h 27m 44s
--------------------------------
1120 1348 1836
test_answer_acc 0.6100217864923747 0.7342047930283224
testing time 0h 3m 1s
------------------------------------------------------
epoch: 4
teacher_loss: 0.3951112926006317
loss: 0.3654183602441222
training time 0h 28m 0s
--------------------------------
1128 1360 1836
test_answer_acc 0.6143790849673203 0.7407407407407407
testing time 0h 2m 59s
------------------------------------------------------
epoch: 5
teacher_loss: 0.03817170858383179
loss: 0.3308227183357362
training time 0h 28m 9s
--------------------------------
1171 1408 1836
test_answer_acc 0.6377995642701525 0.7668845315904139
testing time 0h 2m 50s
------------------------------------------------------
epoch: 6
teacher_loss: 0.30057454109191895
loss: 0.30101387255614803
training time 0h 28m 3s
--------------------------------
1170 1416 1836
test_answer_acc 0.6372549019607843 0.7712418300653595
testing time 0h 2m 56s
------------------------------------------------------
epoch: 7
teacher_loss: 0.11834205687046051
loss: 0.2728290742007835
training time 0h 27m 52s
--------------------------------
1173 1396 1836
test_answer_acc 0.6388888888888888 0.7603485838779956
testing time 0h 2m 46s
------------------------------------------------------
epoch: 8
teacher_loss: 0.0707298219203949
loss: 0.2592206867772245
training time 0h 28m 5s
--------------------------------
1181 1412 1836
test_answer_acc 0.6432461873638344 0.7690631808278867
testing time 0h 2m 48s
------------------------------------------------------
epoch: 9
teacher_loss: 0.2603887915611267
loss: 0.24154633562561245
training time 0h 28m 11s
--------------------------------
1200 1436 1836
test_answer_acc 0.6535947712418301 0.7821350762527233
testing time 0h 2m 51s
------------------------------------------------------
epoch: 10
teacher_loss: 0.27310439944267273
loss: 0.22595533648235422
training time 0h 28m 13s
--------------------------------
1213 1443 1836
test_answer_acc 0.6606753812636166 0.7859477124183006
testing time 0h 2m 55s
------------------------------------------------------
epoch: 11
teacher_loss: 0.12050478905439377
loss: 0.21243200566048823
training time 0h 28m 16s
--------------------------------
1219 1464 1836
test_answer_acc 0.6639433551198257 0.7973856209150327
testing time 0h 3m 2s
------------------------------------------------------
epoch: 12
teacher_loss: 0.10897734016180038
loss: 0.19900160191670782
training time 0h 29m 45s
--------------------------------
1200 1447 1836
test_answer_acc 0.6535947712418301 0.7881263616557734
testing time 0h 3m 1s
------------------------------------------------------
epoch: 13
teacher_loss: 0.19359254837036133
loss: 0.18813010464843002
training time 0h 30m 45s
--------------------------------
1202 1442 1836
test_answer_acc 0.6546840958605664 0.7854030501089324
testing time 0h 2m 53s
------------------------------------------------------
epoch: 14
teacher_loss: 0.06053142622113228
loss: 0.17850905449820623
training time 0h 28m 19s
--------------------------------
1199 1451 1836
test_answer_acc 0.6530501089324618 0.7903050108932462
testing time 0h 2m 56s
------------------------------------------------------
epoch: 15
teacher_loss: 0.12835851311683655
loss: 0.16872536234873076
training time 0h 28m 15s
--------------------------------
1208 1445 1836
test_answer_acc 0.6579520697167756 0.7870370370370371
testing time 0h 2m 48s
------------------------------------------------------
epoch: 16
teacher_loss: 0.025680257007479668
loss: 0.16077478139946658
training time 0h 28m 17s
--------------------------------
1218 1452 1836
test_answer_acc 0.6633986928104575 0.7908496732026143
testing time 0h 2m 55s
------------------------------------------------------
epoch: 17
teacher_loss: 0.06477668881416321
loss: 0.15286287850730362
training time 0h 28m 19s
--------------------------------
1189 1448 1836
test_answer_acc 0.6476034858387799 0.7886710239651417
testing time 0h 2m 50s
------------------------------------------------------
epoch: 18
teacher_loss: 0.12392805516719818
loss: 0.14637631175048169
training time 0h 28m 18s
--------------------------------
1218 1455 1836
test_answer_acc 0.6633986928104575 0.7924836601307189
testing time 0h 3m 1s
------------------------------------------------------
epoch: 19
teacher_loss: 0.18138955533504486
loss: 0.13877282065354407
training time 0h 28m 24s
--------------------------------
1212 1460 1836
test_answer_acc 0.6601307189542484 0.7952069716775599
testing time 0h 3m 1s
------------------------------------------------------
epoch: 20
teacher_loss: 0.04961029812693596
loss: 0.1336167477837373
training time 0h 28m 24s
--------------------------------
1197 1449 1836
test_answer_acc 0.6519607843137255 0.7892156862745098
testing time 0h 2m 54s
------------------------------------------------------
epoch: 21
teacher_loss: 0.2148635983467102
loss: 0.1316916678513911
training time 0h 29m 53s
--------------------------------
1208 1464 1836
test_answer_acc 0.6579520697167756 0.7973856209150327
testing time 0h 2m 53s
------------------------------------------------------
epoch: 22
teacher_loss: 0.300557017326355
loss: 0.1261250139375578
training time 0h 29m 34s
--------------------------------
1214 1448 1836
test_answer_acc 0.6612200435729847 0.7886710239651417
testing time 0h 3m 24s
------------------------------------------------------
epoch: 23
teacher_loss: 0.2549697458744049
loss: 0.11705154101664741
training time 0h 29m 59s
--------------------------------
1225 1462 1836
test_answer_acc 0.6672113289760349 0.7962962962962963
testing time 0h 3m 4s
------------------------------------------------------
epoch: 24
teacher_loss: 0.17801672220230103
loss: 0.11339666231670567
training time 0h 28m 16s
--------------------------------
1213 1456 1836
test_answer_acc 0.6606753812636166 0.7930283224400871
testing time 0h 2m 57s
------------------------------------------------------
epoch: 25
teacher_loss: 0.07344908267259598
loss: 0.11098908752263073
training time 0h 28m 17s
--------------------------------
1205 1440 1836
test_answer_acc 0.656318082788671 0.7843137254901961
testing time 0h 2m 57s
------------------------------------------------------
epoch: 26
teacher_loss: 0.13158956170082092
loss: 0.10761050258673006
training time 0h 28m 16s
--------------------------------
1203 1437 1836
test_answer_acc 0.6552287581699346 0.7826797385620915
testing time 0h 3m 1s
------------------------------------------------------
epoch: 27
teacher_loss: 0.2434169352054596
loss: 0.10286022713520535
training time 0h 28m 9s
--------------------------------
1221 1464 1836
test_answer_acc 0.6650326797385621 0.7973856209150327
testing time 0h 3m 0s
------------------------------------------------------
epoch: 28
teacher_loss: 0.01204315572977066
loss: 0.0987793870120039
training time 0h 28m 12s
--------------------------------
1198 1440 1836
test_answer_acc 0.6525054466230937 0.7843137254901961
testing time 0h 2m 49s
------------------------------------------------------
epoch: 29
teacher_loss: 0.1627240777015686
loss: 0.09738611505937672
training time 0h 28m 6s
--------------------------------
1224 1460 1836
test_answer_acc 0.6666666666666666 0.7952069716775599
testing time 0h 2m 58s
------------------------------------------------------
epoch: 30
teacher_loss: 0.020962120965123177
loss: 0.09485636703339556
training time 0h 29m 26s
--------------------------------
1193 1451 1836
test_answer_acc 0.6497821350762527 0.7903050108932462
testing time 0h 2m 59s
------------------------------------------------------
epoch: 31
teacher_loss: 0.029948053881525993
loss: 0.06688731741582629
training time 0h 29m 47s
--------------------------------
1226 1472 1836
test_answer_acc 0.6677559912854031 0.8017429193899782
testing time 0h 2m 56s
------------------------------------------------------
epoch: 32
teacher_loss: 0.23078015446662903
loss: 0.059317754392865144
training time 0h 28m 43s
--------------------------------
1226 1462 1836
test_answer_acc 0.6677559912854031 0.7962962962962963
testing time 0h 3m 0s
------------------------------------------------------
epoch: 33
teacher_loss: 0.2440546154975891
loss: 0.056205643041832974
training time 0h 28m 14s
--------------------------------
1237 1479 1836
test_answer_acc 0.6737472766884531 0.8055555555555556
testing time 0h 2m 54s
------------------------------------------------------
epoch: 34
teacher_loss: 0.015361247584223747
loss: 0.05266424779847805
training time 0h 28m 22s
--------------------------------
1226 1474 1836
test_answer_acc 0.6677559912854031 0.8028322440087146
testing time 0h 2m 58s
------------------------------------------------------
epoch: 35
teacher_loss: 0.009826437570154667
loss: 0.0514259010254811
training time 0h 28m 11s
--------------------------------
1236 1478 1836
test_answer_acc 0.673202614379085 0.8050108932461874
testing time 0h 2m 51s
------------------------------------------------------
epoch: 36
teacher_loss: 0.20423345267772675
loss: 0.0509462481087652
training time 0h 28m 41s
--------------------------------
1229 1470 1836
test_answer_acc 0.6693899782135077 0.8006535947712419
testing time 0h 2m 54s
------------------------------------------------------
epoch: 37
teacher_loss: 0.04233168438076973
loss: 0.04993544471545911
training time 0h 29m 58s
--------------------------------
1221 1464 1836
test_answer_acc 0.6650326797385621 0.7973856209150327
testing time 0h 2m 47s
------------------------------------------------------
epoch: 38
teacher_loss: 0.10692719370126724
loss: 0.048706981206628225
training time 0h 30m 15s
--------------------------------
1234 1471 1836
test_answer_acc 0.6721132897603486 0.80119825708061
testing time 0h 3m 22s
------------------------------------------------------
epoch: 39
teacher_loss: 0.047710660845041275
loss: 0.04828794336757593
training time 0h 28m 48s
--------------------------------
1229 1464 1836
test_answer_acc 0.6693899782135077 0.7973856209150327
testing time 0h 2m 54s
------------------------------------------------------
epoch: 40
teacher_loss: 0.23686465620994568
loss: 0.047238673559284856
training time 0h 28m 10s
--------------------------------
1223 1469 1836
test_answer_acc 0.6661220043572985 0.8001089324618736
testing time 0h 2m 57s
------------------------------------------------------
epoch: 41
teacher_loss: 0.05137179046869278
loss: 0.045741062554823714
training time 0h 28m 11s
--------------------------------
1236 1470 1836
test_answer_acc 0.673202614379085 0.8006535947712419
testing time 0h 2m 52s
------------------------------------------------------
epoch: 42
teacher_loss: 0.024581756442785263
loss: 0.04415923037834751
training time 0h 28m 19s
--------------------------------
1232 1469 1836
test_answer_acc 0.6710239651416122 0.8001089324618736
testing time 0h 2m 54s
------------------------------------------------------
epoch: 43
teacher_loss: 0.097783163189888
loss: 0.04395109075572221
training time 0h 28m 10s
--------------------------------
1222 1452 1836
test_answer_acc 0.6655773420479303 0.7908496732026143
testing time 0h 2m 56s
------------------------------------------------------
epoch: 44
teacher_loss: 0.018696431070566177
loss: 0.043909231617092905
training time 0h 28m 9s
--------------------------------
1227 1470 1836
test_answer_acc 0.6683006535947712 0.8006535947712419
testing time 0h 2m 56s
------------------------------------------------------
epoch: 45
teacher_loss: 0.14894607663154602
loss: 0.04243174200678514
training time 0h 28m 4s
--------------------------------
1244 1476 1836
test_answer_acc 0.6775599128540305 0.803921568627451
testing time 0h 2m 55s
------------------------------------------------------
epoch: 46
teacher_loss: 0.07492607831954956
loss: 0.04280142747926631
training time 0h 28m 10s
--------------------------------
1228 1466 1836
test_answer_acc 0.6688453159041394 0.7984749455337691
testing time 0h 3m 1s
------------------------------------------------------
epoch: 47
teacher_loss: 0.03696548193693161
loss: 0.04238732212012814
training time 0h 29m 20s
--------------------------------
1236 1467 1836
test_answer_acc 0.673202614379085 0.7990196078431373
testing time 0h 2m 55s
------------------------------------------------------
epoch: 48
teacher_loss: 0.1419045776128769
loss: 0.041656603699647674
training time 0h 29m 22s
--------------------------------
1228 1461 1836
test_answer_acc 0.6688453159041394 0.795751633986928
testing time 0h 3m 23s
------------------------------------------------------
epoch: 49
teacher_loss: 0.1634952425956726
loss: 0.04021670120353285
training time 0h 30m 2s
--------------------------------
1222 1455 1836
test_answer_acc 0.6655773420479303 0.7924836601307189
testing time 0h 3m 35s
------------------------------------------------------
epoch: 50
teacher_loss: 0.07994115352630615
loss: 0.04005675137112473
training time 0h 28m 22s
--------------------------------
1227 1468 1836
test_answer_acc 0.6683006535947712 0.7995642701525054
testing time 0h 2m 54s
------------------------------------------------------
epoch: 51
teacher_loss: 0.12248362600803375
loss: 0.03997089288135495
training time 0h 28m 4s
--------------------------------
1222 1452 1836
test_answer_acc 0.6655773420479303 0.7908496732026143
testing time 0h 3m 1s
------------------------------------------------------
epoch: 52
teacher_loss: 0.037361226975917816
loss: 0.039877815509399006
training time 0h 28m 7s
--------------------------------
1208 1460 1836
test_answer_acc 0.6579520697167756 0.7952069716775599
testing time 0h 3m 0s
------------------------------------------------------
epoch: 53
teacher_loss: 0.10663463920354843
loss: 0.03961788733797749
training time 0h 28m 12s
--------------------------------
1209 1457 1836
test_answer_acc 0.6584967320261438 0.7935729847494554
testing time 0h 2m 57s
------------------------------------------------------
epoch: 54
teacher_loss: 0.01521830540150404
loss: 0.03866493692865686
training time 0h 28m 21s
--------------------------------
1216 1477 1836
test_answer_acc 0.6623093681917211 0.8044662309368191
testing time 0h 2m 53s
------------------------------------------------------
epoch: 55
teacher_loss: 0.015007312409579754
loss: 0.03835595524531879
training time 0h 28m 9s
--------------------------------
1203 1451 1836
test_answer_acc 0.6552287581699346 0.7903050108932462
testing time 0h 2m 54s
------------------------------------------------------
epoch: 56
teacher_loss: 0.1695713996887207
loss: 0.03759541880928971
training time 0h 28m 17s
--------------------------------
1230 1471 1836
test_answer_acc 0.6699346405228758 0.80119825708061
testing time 0h 3m 4s
------------------------------------------------------
epoch: 57
teacher_loss: 0.06404329836368561
loss: 0.036588210846680486
training time 0h 28m 12s
--------------------------------
1210 1459 1836
test_answer_acc 0.659041394335512 0.7946623093681917
testing time 0h 2m 58s
------------------------------------------------------
epoch: 58
teacher_loss: 0.005735885351896286
loss: 0.037993679431242676
training time 0h 28m 17s
--------------------------------
1230 1465 1836
test_answer_acc 0.6699346405228758 0.7979302832244008
testing time 0h 2m 54s
------------------------------------------------------
epoch: 59
teacher_loss: 0.12073005735874176
loss: 0.03682965685185345
training time 0h 28m 10s
--------------------------------
1215 1458 1836
test_answer_acc 0.6617647058823529 0.7941176470588235
testing time 0h 2m 56s
------------------------------------------------------
epoch: 60
teacher_loss: 0.07743249088525772
loss: 0.036002486821821694
training time 0h 28m 22s
--------------------------------
1229 1464 1836
test_answer_acc 0.6693899782135077 0.7973856209150327
testing time 0h 3m 3s
------------------------------------------------------
epoch: 61
teacher_loss: 0.23893630504608154
loss: 0.02775797816214054
training time 0h 28m 16s
--------------------------------
1231 1477 1836
test_answer_acc 0.670479302832244 0.8044662309368191
testing time 0h 2m 57s
------------------------------------------------------
epoch: 62
teacher_loss: 0.019395960494875908
loss: 0.024532490273357382
training time 0h 28m 22s
--------------------------------
1233 1481 1836
test_answer_acc 0.6715686274509803 0.8066448801742919
testing time 0h 2m 57s
------------------------------------------------------
epoch: 63
teacher_loss: 0.2844986319541931
loss: 0.02367182943271473
training time 0h 28m 17s
--------------------------------
1226 1471 1836
test_answer_acc 0.6677559912854031 0.80119825708061
testing time 0h 3m 2s
------------------------------------------------------
epoch: 64
teacher_loss: 0.10177282989025116
loss: 0.023459814875452373
training time 0h 28m 17s
--------------------------------
1229 1476 1836
test_answer_acc 0.6693899782135077 0.803921568627451
testing time 0h 3m 1s
------------------------------------------------------
epoch: 65
teacher_loss: 0.02880183607339859
loss: 0.023192279108174733
training time 0h 28m 14s
--------------------------------
1222 1468 1836
test_answer_acc 0.6655773420479303 0.7995642701525054
testing time 0h 2m 58s
------------------------------------------------------
epoch: 66
teacher_loss: 0.33547836542129517
loss: 0.022684983960296508
training time 0h 28m 28s
--------------------------------
1228 1477 1836
test_answer_acc 0.6688453159041394 0.8044662309368191
testing time 0h 2m 53s
------------------------------------------------------
epoch: 67
teacher_loss: 0.01240082923322916
loss: 0.02229319085693738
training time 0h 28m 10s
--------------------------------
1231 1476 1836
test_answer_acc 0.670479302832244 0.803921568627451
testing time 0h 2m 54s
------------------------------------------------------
epoch: 68
teacher_loss: 0.06175165995955467
loss: 0.022183882305680233
training time 0h 27m 42s
--------------------------------
1238 1482 1836
test_answer_acc 0.6742919389978214 0.8071895424836601
testing time 0h 2m 58s
------------------------------------------------------
epoch: 69
teacher_loss: 0.13102445006370544
loss: 0.021836743639939794
training time 0h 28m 28s
--------------------------------
1226 1467 1836
test_answer_acc 0.6677559912854031 0.7990196078431373
testing time 0h 3m 22s
------------------------------------------------------
epoch: 70
teacher_loss: 0.0194291640073061
loss: 0.02199911065721197
training time 0h 28m 24s
--------------------------------
1234 1467 1836
test_answer_acc 0.6721132897603486 0.7990196078431373
testing time 0h 2m 59s
------------------------------------------------------
epoch: 71
teacher_loss: 0.12529844045639038
loss: 0.021465448306187154
training time 0h 30m 45s
--------------------------------
1218 1459 1836
test_answer_acc 0.6633986928104575 0.7946623093681917
testing time 0h 2m 55s
------------------------------------------------------
epoch: 72
teacher_loss: 0.033300984650850296
loss: 0.021555579870454818
training time 0h 29m 2s
--------------------------------
1232 1478 1836
test_answer_acc 0.6710239651416122 0.8050108932461874
testing time 0h 2m 54s
------------------------------------------------------
epoch: 73
teacher_loss: 0.009867453947663307
loss: 0.02113251396667986
training time 0h 28m 13s
--------------------------------
1227 1462 1836
test_answer_acc 0.6683006535947712 0.7962962962962963
testing time 0h 3m 2s
------------------------------------------------------
epoch: 74
teacher_loss: 0.0964367538690567
loss: 0.021331530879674133
training time 0h 28m 13s
--------------------------------
1237 1481 1836
test_answer_acc 0.6737472766884531 0.8066448801742919
testing time 0h 2m 57s
------------------------------------------------------
epoch: 75
teacher_loss: 0.11301770061254501
loss: 0.021171115111839403
training time 0h 28m 9s
--------------------------------
1225 1468 1836
test_answer_acc 0.6672113289760349 0.7995642701525054
testing time 0h 2m 58s
------------------------------------------------------
epoch: 76
teacher_loss: 0.08019151538610458
loss: 0.020774179335304295
training time 0h 28m 11s
--------------------------------
1232 1474 1836
test_answer_acc 0.6710239651416122 0.8028322440087146
testing time 0h 2m 52s
------------------------------------------------------
epoch: 77
teacher_loss: 0.03001021221280098
loss: 0.0205723851023762
training time 0h 28m 24s
--------------------------------
1236 1474 1836
test_answer_acc 0.673202614379085 0.8028322440087146
testing time 0h 2m 54s
------------------------------------------------------
epoch: 78
teacher_loss: 0.048451151698827744
loss: 0.021753981129093575
training time 0h 28m 17s
--------------------------------
1222 1476 1836
test_answer_acc 0.6655773420479303 0.803921568627451
testing time 0h 2m 53s
------------------------------------------------------
epoch: 79
teacher_loss: 0.3781539797782898
loss: 0.020924640896954505
training time 0h 28m 16s
--------------------------------
1224 1462 1836
test_answer_acc 0.6666666666666666 0.7962962962962963
testing time 0h 3m 1s
------------------------------------------------------
epoch: 80
teacher_loss: 0.03324323892593384
loss: 0.020609577359643864
training time 0h 28m 47s
--------------------------------
1233 1477 1836
test_answer_acc 0.6715686274509803 0.8044662309368191
testing time 0h 2m 57s
------------------------------------------------------
epoch: 81
teacher_loss: 0.14869506657123566
loss: 0.02031272617626406
training time 0h 28m 3s
--------------------------------
1216 1468 1836
test_answer_acc 0.6623093681917211 0.7995642701525054
testing time 0h 2m 54s
------------------------------------------------------
epoch: 82
teacher_loss: 0.03868412971496582
loss: 0.02085434125155218
training time 0h 28m 10s
--------------------------------
1226 1466 1836
test_answer_acc 0.6677559912854031 0.7984749455337691
testing time 0h 2m 54s
------------------------------------------------------
epoch: 83
teacher_loss: 0.003912749234586954
loss: 0.020892877491696122
training time 0h 28m 9s
--------------------------------
1226 1462 1836
test_answer_acc 0.6677559912854031 0.7962962962962963
testing time 0h 2m 56s
------------------------------------------------------
epoch: 84
teacher_loss: 0.3121182322502136
loss: 0.020353981342956223
training time 0h 28m 21s
--------------------------------
1232 1471 1836
test_answer_acc 0.6710239651416122 0.80119825708061
testing time 0h 2m 58s
------------------------------------------------------
epoch: 85
teacher_loss: 0.0966581329703331
loss: 0.020147792822747087
training time 0h 28m 15s
--------------------------------
1229 1468 1836
test_answer_acc 0.6693899782135077 0.7995642701525054
testing time 0h 2m 57s
------------------------------------------------------
(1229, 1468, 1836)
0.6693899782135077 0.7995642701525054
best 1482 1238
finished
