nohup: ignoring input
Reading lines...
Reading lines...
Transfer numbers...
Indexing words...
keep_words 9063 / 27445 = 0.3302
Indexed 9066 words in input language, 41 words in output
Number of training data 79338
Number of testind data 1836
epoch: 1
teacher_loss: 0.25720471143722534
loss: 0.9459802541401117
training time 0h 27m 29s
--------------------------------
946 1115 1836
test_answer_acc 0.5152505446623094 0.6072984749455338
testing time 0h 3m 13s
------------------------------------------------------
epoch: 2
teacher_loss: 0.2830672264099121
loss: 0.544920746128886
training time 0h 27m 47s
--------------------------------
1070 1276 1836
test_answer_acc 0.5827886710239651 0.6949891067538126
testing time 0h 3m 14s
------------------------------------------------------
epoch: 3
teacher_loss: 0.10897943377494812
loss: 0.4418401213603154
training time 0h 27m 46s
--------------------------------
1096 1330 1836
test_answer_acc 0.5969498910675382 0.724400871459695
testing time 0h 3m 14s
------------------------------------------------------
epoch: 4
teacher_loss: 0.1771731823682785
loss: 0.3838510256801401
training time 0h 27m 55s
--------------------------------
1179 1378 1836
test_answer_acc 0.6421568627450981 0.7505446623093682
testing time 0h 2m 50s
------------------------------------------------------
epoch: 5
teacher_loss: 0.4329990744590759
loss: 0.3414227551510257
training time 0h 27m 52s
--------------------------------
1162 1398 1836
test_answer_acc 0.6328976034858388 0.761437908496732
testing time 0h 3m 5s
------------------------------------------------------
epoch: 6
teacher_loss: 0.14532595872879028
loss: 0.30917338064361005
training time 0h 28m 1s
--------------------------------
1187 1409 1836
test_answer_acc 0.6465141612200436 0.7674291938997821
testing time 0h 3m 8s
------------------------------------------------------
epoch: 7
teacher_loss: 0.39958155155181885
loss: 0.28107761473304804
training time 0h 27m 59s
--------------------------------
1197 1407 1836
test_answer_acc 0.6519607843137255 0.7663398692810458
testing time 0h 3m 3s
------------------------------------------------------
epoch: 8
teacher_loss: 0.10734060406684875
loss: 0.25981321047631
training time 0h 28m 3s
--------------------------------
1186 1414 1836
test_answer_acc 0.6459694989106753 0.7701525054466231
testing time 0h 3m 3s
------------------------------------------------------
epoch: 9
teacher_loss: 0.07872324436903
loss: 0.24082571399518318
training time 0h 28m 3s
--------------------------------
1202 1422 1836
test_answer_acc 0.6546840958605664 0.7745098039215687
testing time 0h 2m 54s
------------------------------------------------------
epoch: 10
teacher_loss: 0.3157232403755188
loss: 0.22593660778065602
training time 0h 28m 19s
--------------------------------
1206 1431 1836
test_answer_acc 0.6568627450980392 0.7794117647058824
testing time 0h 3m 3s
------------------------------------------------------
epoch: 11
teacher_loss: 0.5332829356193542
loss: 0.21081476747508973
training time 0h 28m 13s
--------------------------------
1199 1440 1836
test_answer_acc 0.6530501089324618 0.7843137254901961
testing time 0h 2m 57s
------------------------------------------------------
epoch: 12
teacher_loss: 0.11365307867527008
loss: 0.19996448068789416
training time 0h 28m 34s
--------------------------------
1217 1441 1836
test_answer_acc 0.6628540305010894 0.7848583877995643
testing time 0h 3m 2s
------------------------------------------------------
epoch: 13
teacher_loss: 0.11209891736507416
loss: 0.18677309025379438
training time 0h 28m 8s
--------------------------------
1215 1438 1836
test_answer_acc 0.6617647058823529 0.7832244008714597
testing time 0h 2m 57s
------------------------------------------------------
epoch: 14
teacher_loss: 0.18193209171295166
loss: 0.1769011796271849
training time 0h 28m 15s
--------------------------------
1211 1451 1836
test_answer_acc 0.6595860566448801 0.7903050108932462
testing time 0h 3m 9s
------------------------------------------------------
epoch: 15
teacher_loss: 0.0882028192281723
loss: 0.16811893709124096
training time 0h 28m 17s
--------------------------------
1213 1453 1836
test_answer_acc 0.6606753812636166 0.7913943355119826
testing time 0h 3m 2s
------------------------------------------------------
epoch: 16
teacher_loss: 0.28673338890075684
loss: 0.15922480307279094
training time 0h 28m 30s
--------------------------------
1211 1439 1836
test_answer_acc 0.6595860566448801 0.7837690631808278
testing time 0h 3m 1s
------------------------------------------------------
epoch: 17
teacher_loss: 0.3584066927433014
loss: 0.15077630494375743
training time 0h 31m 8s
--------------------------------
1201 1435 1836
test_answer_acc 0.6541394335511983 0.7815904139433552
testing time 0h 2m 57s
------------------------------------------------------
epoch: 18
teacher_loss: 0.47570693492889404
loss: 0.14460620266805974
training time 0h 28m 30s
--------------------------------
1199 1450 1836
test_answer_acc 0.6530501089324618 0.789760348583878
testing time 0h 3m 10s
------------------------------------------------------
epoch: 19
teacher_loss: 0.0614817813038826
loss: 0.138732397692248
training time 0h 28m 17s
--------------------------------
1213 1444 1836
test_answer_acc 0.6606753812636166 0.7864923747276689
testing time 0h 3m 5s
------------------------------------------------------
epoch: 20
teacher_loss: 0.17723214626312256
loss: 0.13228888840099134
training time 0h 28m 23s
--------------------------------
1220 1455 1836
test_answer_acc 0.664488017429194 0.7924836601307189
testing time 0h 2m 58s
------------------------------------------------------
epoch: 21
teacher_loss: 0.06577539443969727
loss: 0.12655177160932293
training time 0h 28m 19s
--------------------------------
1192 1454 1836
test_answer_acc 0.6492374727668845 0.7919389978213508
testing time 0h 3m 1s
------------------------------------------------------
epoch: 22
teacher_loss: 0.05357169359922409
loss: 0.12179846563076059
training time 0h 28m 19s
--------------------------------
1200 1443 1836
test_answer_acc 0.6535947712418301 0.7859477124183006
testing time 0h 2m 54s
------------------------------------------------------
epoch: 23
teacher_loss: 0.03790111839771271
loss: 0.11772241772738315
training time 0h 28m 20s
--------------------------------
1219 1455 1836
test_answer_acc 0.6639433551198257 0.7924836601307189
testing time 0h 2m 59s
------------------------------------------------------
epoch: 24
teacher_loss: 0.14772549271583557
loss: 0.112630602716273
training time 0h 28m 21s
--------------------------------
1201 1436 1836
test_answer_acc 0.6541394335511983 0.7821350762527233
testing time 0h 3m 3s
------------------------------------------------------
epoch: 25
teacher_loss: 0.19650068879127502
loss: 0.1085582037426291
training time 0h 28m 21s
--------------------------------
1207 1457 1836
test_answer_acc 0.6574074074074074 0.7935729847494554
testing time 0h 3m 1s
------------------------------------------------------
epoch: 26
teacher_loss: 0.08285638689994812
loss: 0.10473616603356335
training time 0h 28m 28s
--------------------------------
1212 1444 1836
test_answer_acc 0.6601307189542484 0.7864923747276689
testing time 0h 3m 11s
------------------------------------------------------
epoch: 27
teacher_loss: 0.07326348125934601
loss: 0.10154785905333777
training time 0h 28m 19s
--------------------------------
1182 1440 1836
test_answer_acc 0.6437908496732027 0.7843137254901961
testing time 0h 3m 7s
------------------------------------------------------
epoch: 28
teacher_loss: 0.14197972416877747
loss: 0.09821185933523661
training time 0h 27m 57s
--------------------------------
1188 1454 1836
test_answer_acc 0.6470588235294118 0.7919389978213508
testing time 0h 3m 2s
------------------------------------------------------
epoch: 29
teacher_loss: 0.07036157697439194
loss: 0.09593703593653176
training time 0h 28m 6s
--------------------------------
1183 1439 1836
test_answer_acc 0.6443355119825708 0.7837690631808278
testing time 0h 3m 1s
------------------------------------------------------
epoch: 30
teacher_loss: 0.07183950394392014
loss: 0.09527415246176985
training time 0h 28m 13s
--------------------------------
1200 1454 1836
test_answer_acc 0.6535947712418301 0.7919389978213508
testing time 0h 3m 6s
------------------------------------------------------
epoch: 31
teacher_loss: 0.26218611001968384
loss: 0.06971874020546825
training time 0h 28m 14s
--------------------------------
1197 1455 1836
test_answer_acc 0.6519607843137255 0.7924836601307189
testing time 0h 2m 59s
------------------------------------------------------
epoch: 32
teacher_loss: 0.27529940009117126
loss: 0.059914345424734956
training time 0h 28m 16s
--------------------------------
1220 1456 1836
test_answer_acc 0.664488017429194 0.7930283224400871
testing time 0h 3m 4s
------------------------------------------------------
epoch: 33
teacher_loss: 0.12144465744495392
loss: 0.05877400547427486
training time 0h 28m 9s
--------------------------------
1202 1454 1836
test_answer_acc 0.6546840958605664 0.7919389978213508
testing time 0h 2m 57s
------------------------------------------------------
epoch: 34
teacher_loss: 0.03411737084388733
loss: 0.055440306339803486
training time 0h 28m 18s
--------------------------------
1187 1435 1836
test_answer_acc 0.6465141612200436 0.7815904139433552
testing time 0h 3m 7s
------------------------------------------------------
epoch: 35
teacher_loss: 0.15584395825862885
loss: 0.05400129332838039
training time 0h 27m 47s
--------------------------------
1212 1456 1836
test_answer_acc 0.6601307189542484 0.7930283224400871
testing time 0h 3m 10s
------------------------------------------------------
epoch: 36
teacher_loss: 0.05388189107179642
loss: 0.0519582166420033
training time 0h 28m 17s
--------------------------------
1209 1458 1836
test_answer_acc 0.6584967320261438 0.7941176470588235
testing time 0h 3m 9s
------------------------------------------------------
epoch: 37
teacher_loss: 0.08945036679506302
loss: 0.05140337124025644
training time 0h 28m 11s
--------------------------------
1202 1460 1836
test_answer_acc 0.6546840958605664 0.7952069716775599
testing time 0h 3m 11s
------------------------------------------------------
epoch: 38
teacher_loss: 0.4577341079711914
loss: 0.05007272638744795
training time 0h 28m 12s
--------------------------------
1210 1474 1836
test_answer_acc 0.659041394335512 0.8028322440087146
testing time 0h 3m 2s
------------------------------------------------------
epoch: 39
teacher_loss: 0.06961594521999359
loss: 0.0488017144094732
training time 0h 28m 10s
--------------------------------
1213 1461 1836
test_answer_acc 0.6606753812636166 0.795751633986928
testing time 0h 3m 0s
------------------------------------------------------
epoch: 40
teacher_loss: 0.12028908729553223
loss: 0.047965752480423916
training time 0h 30m 7s
--------------------------------
1208 1460 1836
test_answer_acc 0.6579520697167756 0.7952069716775599
testing time 0h 3m 37s
------------------------------------------------------
epoch: 41
teacher_loss: 0.029980948194861412
loss: 0.04592110534919606
training time 0h 30m 7s
--------------------------------
1215 1461 1836
test_answer_acc 0.6617647058823529 0.795751633986928
testing time 0h 3m 6s
------------------------------------------------------
epoch: 42
teacher_loss: 0.036856960505247116
loss: 0.04687213625837748
training time 0h 28m 19s
--------------------------------
1233 1476 1836
test_answer_acc 0.6715686274509803 0.803921568627451
testing time 0h 3m 8s
------------------------------------------------------
epoch: 43
teacher_loss: 0.006621383596211672
loss: 0.04445028203791158
training time 0h 29m 12s
--------------------------------
1205 1464 1836
test_answer_acc 0.656318082788671 0.7973856209150327
testing time 0h 3m 6s
------------------------------------------------------
epoch: 44
teacher_loss: 0.15227104723453522
loss: 0.044676828572072176
training time 0h 28m 18s
--------------------------------
1215 1470 1836
test_answer_acc 0.6617647058823529 0.8006535947712419
testing time 0h 3m 6s
------------------------------------------------------
epoch: 45
teacher_loss: 0.1437181830406189
loss: 0.04359968459494637
training time 0h 28m 18s
--------------------------------
1207 1466 1836
test_answer_acc 0.6574074074074074 0.7984749455337691
testing time 0h 3m 8s
------------------------------------------------------
epoch: 46
teacher_loss: 0.0765700414776802
loss: 0.042813215432068966
training time 0h 28m 36s
--------------------------------
1220 1476 1836
test_answer_acc 0.664488017429194 0.803921568627451
testing time 0h 3m 5s
------------------------------------------------------
epoch: 47
teacher_loss: 0.22556497156620026
loss: 0.04323785060457134
training time 0h 28m 13s
--------------------------------
1216 1478 1836
test_answer_acc 0.6623093681917211 0.8050108932461874
testing time 0h 3m 8s
------------------------------------------------------
epoch: 48
teacher_loss: 0.030273890122771263
loss: 0.0419746590472172
training time 0h 28m 16s
--------------------------------
1209 1456 1836
test_answer_acc 0.6584967320261438 0.7930283224400871
testing time 0h 3m 10s
------------------------------------------------------
epoch: 49
teacher_loss: 0.02704543061554432
loss: 0.04142102527182414
training time 0h 28m 14s
--------------------------------
1203 1464 1836
test_answer_acc 0.6552287581699346 0.7973856209150327
testing time 0h 3m 12s
------------------------------------------------------
epoch: 50
teacher_loss: 0.13755209743976593
loss: 0.04065323364404556
training time 0h 28m 17s
--------------------------------
1215 1466 1836
test_answer_acc 0.6617647058823529 0.7984749455337691
testing time 0h 3m 1s
------------------------------------------------------
epoch: 51
teacher_loss: 0.05563212186098099
loss: 0.040338871186559704
training time 0h 28m 17s
--------------------------------
1199 1446 1836
test_answer_acc 0.6530501089324618 0.7875816993464052
testing time 0h 3m 2s
------------------------------------------------------
epoch: 52
teacher_loss: 0.03433384746313095
loss: 0.04038573790852341
training time 0h 28m 20s
--------------------------------
1201 1448 1836
test_answer_acc 0.6541394335511983 0.7886710239651417
testing time 0h 3m 4s
------------------------------------------------------
epoch: 53
teacher_loss: 0.08775348961353302
loss: 0.03975077893424426
training time 0h 28m 18s
--------------------------------
1221 1460 1836
test_answer_acc 0.6650326797385621 0.7952069716775599
testing time 0h 3m 1s
------------------------------------------------------
epoch: 54
teacher_loss: 0.031920064240694046
loss: 0.03853202999612662
training time 0h 28m 25s
--------------------------------
1198 1447 1836
test_answer_acc 0.6525054466230937 0.7881263616557734
testing time 0h 3m 8s
------------------------------------------------------
epoch: 55
teacher_loss: 0.010998670011758804
loss: 0.03840697259274161
training time 0h 28m 33s
--------------------------------
1189 1455 1836
test_answer_acc 0.6476034858387799 0.7924836601307189
testing time 0h 2m 58s
------------------------------------------------------
epoch: 56
teacher_loss: 0.11910393834114075
loss: 0.03812802690250288
training time 0h 28m 22s
--------------------------------
1217 1456 1836
test_answer_acc 0.6628540305010894 0.7930283224400871
testing time 0h 3m 3s
------------------------------------------------------
epoch: 57
teacher_loss: 0.02266923524439335
loss: 0.03796669171490301
training time 0h 28m 19s
--------------------------------
1200 1454 1836
test_answer_acc 0.6535947712418301 0.7919389978213508
testing time 0h 3m 10s
------------------------------------------------------
epoch: 58
teacher_loss: 0.09947926551103592
loss: 0.03753653508197937
training time 0h 28m 26s
--------------------------------
1197 1455 1836
test_answer_acc 0.6519607843137255 0.7924836601307189
testing time 0h 3m 1s
------------------------------------------------------
epoch: 59
teacher_loss: 0.0517050176858902
loss: 0.03795825014587477
training time 0h 28m 18s
--------------------------------
1212 1468 1836
test_answer_acc 0.6601307189542484 0.7995642701525054
testing time 0h 3m 6s
------------------------------------------------------
epoch: 60
teacher_loss: 0.018482234328985214
loss: 0.03666720103271561
training time 0h 28m 23s
--------------------------------
1197 1457 1836
test_answer_acc 0.6519607843137255 0.7935729847494554
testing time 0h 3m 3s
------------------------------------------------------
epoch: 61
teacher_loss: 0.16551052033901215
loss: 0.02884554151485997
training time 0h 28m 20s
--------------------------------
1229 1475 1836
test_answer_acc 0.6693899782135077 0.8033769063180828
testing time 0h 3m 7s
------------------------------------------------------
epoch: 62
teacher_loss: 0.049694083631038666
loss: 0.02509413389498443
training time 0h 29m 59s
--------------------------------
1206 1474 1836
test_answer_acc 0.6568627450980392 0.8028322440087146
testing time 0h 3m 5s
------------------------------------------------------
epoch: 63
teacher_loss: 0.08376935869455338
loss: 0.024479857488157935
training time 0h 28m 14s
--------------------------------
1211 1464 1836
test_answer_acc 0.6595860566448801 0.7973856209150327
testing time 0h 3m 7s
------------------------------------------------------
epoch: 64
teacher_loss: 0.14536744356155396
loss: 0.023728369416776036
training time 0h 28m 14s
--------------------------------
1215 1471 1836
test_answer_acc 0.6617647058823529 0.80119825708061
testing time 0h 3m 8s
------------------------------------------------------
epoch: 65
teacher_loss: 0.06088331341743469
loss: 0.023624472348596864
training time 0h 28m 17s
--------------------------------
1203 1464 1836
test_answer_acc 0.6552287581699346 0.7973856209150327
testing time 0h 3m 7s
------------------------------------------------------
epoch: 66
teacher_loss: 0.006103688385337591
loss: 0.022830052177713726
training time 0h 28m 23s
--------------------------------
1219 1480 1836
test_answer_acc 0.6639433551198257 0.8061002178649237
testing time 0h 3m 8s
------------------------------------------------------
epoch: 67
teacher_loss: 0.02116517350077629
loss: 0.022816623046181178
training time 0h 28m 18s
--------------------------------
1215 1476 1836
test_answer_acc 0.6617647058823529 0.803921568627451
testing time 0h 3m 11s
------------------------------------------------------
epoch: 68
teacher_loss: 0.00590235460549593
loss: 0.022739775616707536
training time 0h 28m 29s
--------------------------------
1225 1476 1836
test_answer_acc 0.6672113289760349 0.803921568627451
testing time 0h 3m 4s
------------------------------------------------------
epoch: 69
teacher_loss: 0.018046939745545387
loss: 0.022401984618256626
training time 0h 30m 46s
--------------------------------
1225 1483 1836
test_answer_acc 0.6672113289760349 0.8077342047930284
testing time 0h 3m 5s
------------------------------------------------------
epoch: 70
teacher_loss: 0.009292295202612877
loss: 0.022245721027185583
training time 0h 30m 46s
--------------------------------
1220 1477 1836
test_answer_acc 0.664488017429194 0.8044662309368191
testing time 0h 3m 0s
------------------------------------------------------
epoch: 71
teacher_loss: 0.03827546536922455
loss: 0.02213700351534381
training time 0h 29m 32s
--------------------------------
1216 1474 1836
test_answer_acc 0.6623093681917211 0.8028322440087146
testing time 0h 3m 0s
------------------------------------------------------
epoch: 72
teacher_loss: 0.013917160220444202
loss: 0.02168662788575485
training time 0h 29m 27s
--------------------------------
1211 1473 1836
test_answer_acc 0.6595860566448801 0.8022875816993464
testing time 0h 3m 38s
------------------------------------------------------
epoch: 73
teacher_loss: 0.02166738547384739
loss: 0.021927295455327935
training time 0h 30m 22s
--------------------------------
1207 1473 1836
test_answer_acc 0.6574074074074074 0.8022875816993464
testing time 0h 3m 16s
------------------------------------------------------
epoch: 74
teacher_loss: 0.18432116508483887
loss: 0.0217054097124351
training time 0h 28m 24s
--------------------------------
1203 1465 1836
test_answer_acc 0.6552287581699346 0.7979302832244008
testing time 0h 3m 8s
------------------------------------------------------
epoch: 75
teacher_loss: 0.23555003106594086
loss: 0.02188121949471796
training time 0h 28m 26s
--------------------------------
1211 1473 1836
test_answer_acc 0.6595860566448801 0.8022875816993464
testing time 0h 3m 5s
------------------------------------------------------
epoch: 76
teacher_loss: 0.13269123435020447
loss: 0.021257129627572854
training time 0h 28m 17s
--------------------------------
1226 1479 1836
test_answer_acc 0.6677559912854031 0.8055555555555556
testing time 0h 3m 4s
------------------------------------------------------
epoch: 77
teacher_loss: 0.06451912969350815
loss: 0.021345851078184486
training time 0h 28m 16s
--------------------------------
1223 1472 1836
test_answer_acc 0.6661220043572985 0.8017429193899782
testing time 0h 3m 9s
------------------------------------------------------
epoch: 78
teacher_loss: 0.07107121497392654
loss: 0.02121377531075268
training time 0h 28m 11s
--------------------------------
1214 1472 1836
test_answer_acc 0.6612200435729847 0.8017429193899782
testing time 0h 3m 6s
------------------------------------------------------
epoch: 79
teacher_loss: 0.061230748891830444
loss: 0.021198138585262517
training time 0h 28m 13s
--------------------------------
1225 1476 1836
test_answer_acc 0.6672113289760349 0.803921568627451
testing time 0h 3m 10s
------------------------------------------------------
epoch: 80
teacher_loss: 0.01627230830490589
loss: 0.021390442317562937
training time 0h 28m 22s
--------------------------------
1212 1462 1836
test_answer_acc 0.6601307189542484 0.7962962962962963
testing time 0h 3m 7s
------------------------------------------------------
epoch: 81
teacher_loss: 0.06476273387670517
loss: 0.02160963059793557
training time 0h 28m 12s
--------------------------------
1202 1462 1836
test_answer_acc 0.6546840958605664 0.7962962962962963
testing time 0h 3m 6s
------------------------------------------------------
epoch: 82
teacher_loss: 0.07668903470039368
loss: 0.021223932203171106
training time 0h 28m 32s
--------------------------------
1202 1465 1836
test_answer_acc 0.6546840958605664 0.7979302832244008
testing time 0h 3m 0s
------------------------------------------------------
epoch: 83
teacher_loss: 0.07532045245170593
loss: 0.02094366275076379
training time 0h 28m 12s
--------------------------------
1216 1473 1836
test_answer_acc 0.6623093681917211 0.8022875816993464
testing time 0h 3m 2s
------------------------------------------------------
epoch: 84
teacher_loss: 0.04805117845535278
loss: 0.021072196467773006
training time 0h 28m 20s
--------------------------------
1213 1473 1836
test_answer_acc 0.6606753812636166 0.8022875816993464
testing time 0h 3m 6s
------------------------------------------------------
epoch: 85
teacher_loss: 0.03259923681616783
loss: 0.020529799089643114
training time 0h 28m 14s
--------------------------------
1222 1467 1836
test_answer_acc 0.6655773420479303 0.7990196078431373
testing time 0h 2m 59s
------------------------------------------------------
(1222, 1467, 1836)
0.6655773420479303 0.7990196078431373
best 1483 1225
finished
