nohup: ignoring input
Reading lines...
Reading lines...
Transfer numbers...
Indexing words...
keep_words 9063 / 27445 = 0.3302
Indexed 9066 words in input language, 41 words in output
Number of training data 79338
Number of testind data 1836
Some weights of BertModel were not initialized from the model checkpoint at /home/yjzhang/Paper/Model/full-bert-60 and are newly initialized: ['bert.pooler.dense.weight', 'bert.pooler.dense.bias']
You should probably TRAIN this model on a down-stream task to be able to use it for predictions and inference.
epoch: 1
teacher_loss: 0.41377538442611694
loss: 0.7810643991996203
training time 0h 28m 18s
--------------------------------
1015 1196 1836
test_answer_acc 0.5528322440087146 0.6514161220043573
testing time 0h 2m 59s
------------------------------------------------------
epoch: 2
teacher_loss: 0.24803030490875244
loss: 0.47123670022213654
training time 0h 28m 15s
--------------------------------
1098 1302 1836
test_answer_acc 0.5980392156862745 0.7091503267973857
testing time 0h 3m 10s
------------------------------------------------------
epoch: 3
teacher_loss: 0.06618800759315491
loss: 0.3960596447960744
training time 0h 30m 24s
--------------------------------
1129 1353 1836
test_answer_acc 0.6149237472766884 0.7369281045751634
testing time 0h 3m 2s
------------------------------------------------------
epoch: 4
teacher_loss: 0.27240684628486633
loss: 0.3431218616724495
training time 0h 29m 42s
--------------------------------
1152 1351 1836
test_answer_acc 0.6274509803921569 0.735838779956427
testing time 0h 3m 13s
------------------------------------------------------
epoch: 5
teacher_loss: 0.05184473097324371
loss: 0.30756573307538226
training time 0h 28m 20s
--------------------------------
1172 1392 1836
test_answer_acc 0.6383442265795207 0.7581699346405228
testing time 0h 3m 10s
------------------------------------------------------
epoch: 6
teacher_loss: 0.10305263102054596
loss: 0.27952619307344
training time 0h 28m 28s
--------------------------------
1153 1381 1836
test_answer_acc 0.6279956427015251 0.7521786492374728
testing time 0h 2m 58s
------------------------------------------------------
epoch: 7
